\BOOKMARK [0][-]{Doc-Start}{Dedication}{}% 1
\BOOKMARK [0][-]{Doc-Start}{Acknowledgements}{}% 2
\BOOKMARK [0][-]{Doc-Start}{Abstract}{}% 3
\BOOKMARK [0][-]{Doc-Start}{ABR\311G\311}{}% 4
\BOOKMARK [0][-]{chapter*.2}{List of Tables}{}% 5
\BOOKMARK [0][-]{chapter*.3}{List of Figures}{}% 6
\BOOKMARK [0][-]{chapter.1}{Introduction}{}% 7
\BOOKMARK [0][-]{chapter.2}{Laser Spectroscopy at TRIUMF}{}% 8
\BOOKMARK [0][-]{chapter.3}{Theory of Laser Spectroscopy}{}% 9
\BOOKMARK [1][-]{section.3.1}{Anatomy of A Hyperfine Spectrum}{chapter.3}% 10
\BOOKMARK [2][-]{subsection.3.1.1}{Peak Energies}{section.3.1}% 11
\BOOKMARK [2][-]{subsection.3.1.2}{Peak intensities}{section.3.1}% 12
\BOOKMARK [2][-]{subsection.3.1.3}{Peak Widths}{section.3.1}% 13
\BOOKMARK [2][-]{subsection.3.1.4}{Natural Linewidth}{section.3.1}% 14
\BOOKMARK [1][-]{section.3.2}{Spontaneous Emission in \040Multi-Level Atoms}{chapter.3}% 15
\BOOKMARK [2][-]{subsection.3.2.1}{The Dipole Moment}{section.3.2}% 16
\BOOKMARK [2][-]{subsection.3.2.2}{Selection Rules}{section.3.2}% 17
\BOOKMARK [1][-]{section.3.3}{Photon Scattering Rates}{chapter.3}% 18
\BOOKMARK [1][-]{section.3.4}{Optical Pumping}{chapter.3}% 19
\BOOKMARK [0][-]{chapter.4}{Simulation Pipeline}{}% 20
\BOOKMARK [0][-]{chapter.5}{Results}{}% 21
\BOOKMARK [0][-]{chapter.6}{Conclusion}{}% 22
